<?xml version="1.0" encoding="UTF-8"?>
<!-- Generated by org.testng.reporters.JUnitXMLReporter -->
<testsuite ignored="0" hostname="Gnaneswari" failures="0" tests="3" name="LoginFeatureTests" time="0.051" errors="0" timestamp="2025-07-19T15:55:29 IST">
  <testcase classname="Day14And15_TestNg.SamplePriorityAndParametersTest" name="logout" time="0.005"/>
  <testcase classname="Day14And15_TestNg.SamplePriorityAndParametersTest" name="openApplication" time="0.005"/>
  <testcase classname="Day14And15_TestNg.SamplePriorityAndParametersTest" name="login" time="0.005"/>
</testsuite> <!-- LoginFeatureTests -->
