<?xml version="1.0" encoding="UTF-8"?>
<testng-results ignored="0" total="3" passed="3" failed="0" skipped="0">
  <reporter-output>
  </reporter-output>
  <suite started-at="2025-07-19T15:55:29 IST" name="Day14_15_TestSuite" finished-at="2025-07-19T15:55:29 IST" duration-ms="51">
    <groups>
    </groups>
    <test started-at="2025-07-19T15:55:29 IST" name="LoginFeatureTests" finished-at="2025-07-19T15:55:29 IST" duration-ms="51">
      <class name="Day14And15_TestNg.SamplePriorityAndParametersTest">
        <test-method signature="logout()[pri:3, instance:Day14And15_TestNg.SamplePriorityAndParametersTest@77a57272]" started-at="2025-07-19T15:55:29 IST" name="logout" finished-at="2025-07-19T15:55:29 IST" duration-ms="5" status="PASS">
          <reporter-output>
          </reporter-output>
        </test-method> <!-- logout -->
        <test-method signature="login(java.lang.String)[pri:2, instance:Day14And15_TestNg.SamplePriorityAndParametersTest@77a57272]" started-at="2025-07-19T15:55:29 IST" name="login" finished-at="2025-07-19T15:55:29 IST" duration-ms="5" status="PASS">
          <params>
            <param index="0">
              <value>
                <![CDATA[chrome]]>
              </value>
            </param>
          </params>
          <reporter-output>
          </reporter-output>
        </test-method> <!-- login -->
        <test-method signature="openApplication()[pri:1, instance:Day14And15_TestNg.SamplePriorityAndParametersTest@77a57272]" started-at="2025-07-19T15:55:29 IST" name="openApplication" finished-at="2025-07-19T15:55:29 IST" duration-ms="5" status="PASS">
          <reporter-output>
          </reporter-output>
        </test-method> <!-- openApplication -->
      </class> <!-- Day14And15_TestNg.SamplePriorityAndParametersTest -->
    </test> <!-- LoginFeatureTests -->
  </suite> <!-- Day14_15_TestSuite -->
</testng-results>
